2025-08-22 16:38:50,011 - DocumentConverter - INFO - DocumentConverter initialized with base directory: .
2025-08-22 16:38:50,012 - DocumentConverter - INFO - Starting batch processing of all documents
2025-08-22 16:38:50,013 - DocumentConverter - INFO - Found 1 DOCX files to process
2025-08-22 16:38:50,013 - DocumentConverter - INFO - Processing document: test.docx
2025-08-22 16:38:50,014 - DocumentConverter - INFO - Step 1: Converting DOCX to HTML - test.docx
2025-08-22 16:38:50,014 - DocumentConverter - INFO - Converting DOCX to HTML: docx\test.docx -> html\test.html
2025-08-22 16:38:50,397 - DocumentConverter - INFO - Successfully converted DOCX to HTML. Extracted 4 images
2025-08-22 16:38:50,398 - DocumentConverter - INFO - Step 2: Converting HTML to Markdown - test.docx
2025-08-22 16:38:50,399 - DocumentConverter - INFO - Converting HTML to Markdown: html\test.html -> md\test.md
2025-08-22 16:38:50,452 - DocumentConverter - INFO - Created image appendix with 2 images
2025-08-22 16:38:50,454 - DocumentConverter - INFO - Successfully converted HTML to Markdown. Tables: 3, Math: 2, Images: 2
2025-08-22 16:38:50,455 - DocumentConverter - INFO - Successfully processed document: test.docx
2025-08-22 16:38:50,463 - DocumentConverter - INFO - Batch processing complete: 1/1 documents processed successfully
2025-08-22 16:48:46,941 - DocumentConverter - INFO - DocumentConverter initialized with base directory: .
2025-08-22 16:48:46,941 - DocumentConverter - INFO - Starting batch processing of all documents
2025-08-22 16:48:46,944 - DocumentConverter - INFO - Found 1 DOCX files to process
2025-08-22 16:48:46,944 - DocumentConverter - INFO - Processing document: test.docx
2025-08-22 16:48:46,944 - DocumentConverter - INFO - Step 1: Converting DOCX to HTML - test.docx
2025-08-22 16:48:46,944 - DocumentConverter - INFO - Converting DOCX to HTML: docx\test.docx -> html\test.html
2025-08-22 16:48:47,357 - DocumentConverter - INFO - Fixed 3 image paths in HTML file
2025-08-22 16:48:47,357 - DocumentConverter - INFO - Successfully converted DOCX to HTML. Extracted 4 images
2025-08-22 16:48:47,357 - DocumentConverter - INFO - Step 2: Converting HTML to Markdown - test.docx
2025-08-22 16:48:47,357 - DocumentConverter - INFO - Converting HTML to Markdown: html\test.html -> md\test.md
2025-08-22 16:48:47,431 - DocumentConverter - INFO - Created image appendix with 2 images
2025-08-22 16:48:47,433 - DocumentConverter - INFO - Successfully converted HTML to Markdown. Tables: 3, Math: 2, Images: 2, Image path: ../html/images
2025-08-22 16:48:47,434 - DocumentConverter - INFO - Successfully processed document: test.docx
2025-08-22 16:48:47,440 - DocumentConverter - INFO - Batch processing complete: 1/1 documents processed successfully
2025-08-22 16:52:22,145 - DocumentConverter - INFO - DocumentConverter initialized with base directory: .
2025-08-22 16:52:22,145 - DocumentConverter - INFO - Starting batch processing of all documents
2025-08-22 16:52:22,145 - DocumentConverter - INFO - Found 1 DOCX files to process
2025-08-22 16:52:22,145 - DocumentConverter - INFO - Processing document: test.docx
2025-08-22 16:52:22,145 - DocumentConverter - INFO - Step 1: Converting DOCX to HTML - test.docx
2025-08-22 16:52:22,148 - DocumentConverter - INFO - Converting DOCX to HTML: docx\test.docx -> html\test.html
2025-08-22 16:52:22,409 - DocumentConverter - INFO - Fixed 3 image paths in HTML file
2025-08-22 16:52:22,409 - DocumentConverter - INFO - Successfully converted DOCX to HTML. Extracted 4 images
2025-08-22 16:52:22,409 - DocumentConverter - INFO - Step 2: Converting HTML to Markdown - test.docx
2025-08-22 16:52:22,409 - DocumentConverter - INFO - Converting HTML to Markdown: html\test.html -> md\test.md
2025-08-22 16:52:22,458 - DocumentConverter - INFO - Created image appendix with 2 images
2025-08-22 16:52:22,460 - DocumentConverter - INFO - Successfully converted HTML to Markdown. Tables: 3, Math: 2, Images: 2, Image path: ../html/images
2025-08-22 16:52:22,460 - DocumentConverter - INFO - Successfully processed document: test.docx
2025-08-22 16:52:22,463 - DocumentConverter - INFO - Batch processing complete: 1/1 documents processed successfully
2025-08-22 16:56:47,676 - DocumentConverter - INFO - DocumentConverter initialized with base directory: .
2025-08-22 16:56:47,677 - DocumentConverter - INFO - Starting batch processing of all documents
2025-08-22 16:56:47,677 - DocumentConverter - INFO - Found 1 DOCX files to process
2025-08-22 16:56:47,677 - DocumentConverter - INFO - Processing document: test.docx
2025-08-22 16:56:47,678 - DocumentConverter - INFO - Step 1: Converting DOCX to HTML - test.docx
2025-08-22 16:56:47,678 - DocumentConverter - INFO - Converting DOCX to HTML: docx\test.docx -> html\test.html
2025-08-22 16:56:47,954 - DocumentConverter - INFO - Fixed 3 image paths in HTML file
2025-08-22 16:56:47,954 - DocumentConverter - INFO - Successfully converted DOCX to HTML. Extracted 4 images
2025-08-22 16:56:47,955 - DocumentConverter - INFO - Step 2: Converting HTML to Markdown - test.docx
2025-08-22 16:56:47,955 - DocumentConverter - INFO - Converting HTML to Markdown: html\test.html -> md\test.md
2025-08-22 16:56:48,007 - DocumentConverter - INFO - Created image appendix with 2 images
2025-08-22 16:56:48,009 - DocumentConverter - INFO - Successfully converted HTML to Markdown. Tables: 3, Math: 2, Images: 2, Image path: ../html/images
2025-08-22 16:56:48,010 - DocumentConverter - INFO - Successfully processed document: test.docx
2025-08-22 16:56:48,017 - DocumentConverter - INFO - Batch processing complete: 1/1 documents processed successfully
2025-08-22 18:55:11,969 - DocumentConverter - INFO - DocumentConverter initialized with base directory: .
2025-08-22 18:55:11,969 - DocumentConverter - INFO - Starting batch processing of all documents
2025-08-22 18:55:11,971 - DocumentConverter - INFO - Found 1 DOCX files to process
2025-08-22 18:55:11,971 - DocumentConverter - INFO - Processing document: test.docx
2025-08-22 18:55:11,971 - DocumentConverter - INFO - Step 1: Converting DOCX to HTML - test.docx
2025-08-22 18:55:11,972 - DocumentConverter - INFO - Converting DOCX to HTML: docx\test.docx -> html\test\main.html
2025-08-22 18:55:12,613 - DocumentConverter - INFO - Fixed 3 image paths in HTML file
2025-08-22 18:55:12,613 - DocumentConverter - INFO - Successfully converted DOCX to HTML. Extracted 4 images
2025-08-22 18:55:12,614 - DocumentConverter - INFO - Step 2: Converting HTML to Markdown - test.docx
2025-08-22 18:55:12,614 - DocumentConverter - INFO - Converting HTML to Markdown: html\test\main.html -> md\test\main.md
2025-08-22 18:55:12,686 - DocumentConverter - INFO - Copied 4 image files to MD folder
2025-08-22 18:55:12,719 - DocumentConverter - INFO - Created image appendix with 2 images
2025-08-22 18:55:12,721 - DocumentConverter - INFO - Successfully converted HTML to Markdown. Tables: 3, Math: 2, Images: 2, Image path: images
2025-08-22 18:55:12,722 - DocumentConverter - INFO - Successfully processed document: test.docx
2025-08-22 18:55:12,732 - DocumentConverter - INFO - Batch processing complete: 1/1 documents processed successfully
2025-08-22 18:59:03,953 - DocumentConverter - INFO - DocumentConverter initialized with base directory: .
2025-08-22 18:59:03,954 - DocumentConverter - INFO - Starting batch processing of all documents
2025-08-22 18:59:03,955 - DocumentConverter - INFO - Found 1 DOCX files to process
2025-08-22 18:59:03,955 - DocumentConverter - INFO - Processing document: test.docx
2025-08-22 18:59:03,955 - DocumentConverter - INFO - Step 1: Converting DOCX to HTML - test.docx
2025-08-22 18:59:03,956 - DocumentConverter - INFO - Converting DOCX to HTML: docx\test.docx -> html\test\main.html
2025-08-22 18:59:04,320 - DocumentConverter - INFO - Fixed 3 image paths in HTML file
2025-08-22 18:59:04,321 - DocumentConverter - INFO - Successfully converted DOCX to HTML. Extracted 4 images
2025-08-22 18:59:04,321 - DocumentConverter - INFO - Step 2: Converting HTML to Markdown - test.docx
2025-08-22 18:59:04,322 - DocumentConverter - INFO - Converting HTML to Markdown: html\test\main.html -> md\test\main.md
2025-08-22 18:59:04,386 - DocumentConverter - INFO - Copied 4 image files to MD folder
2025-08-22 18:59:04,424 - DocumentConverter - INFO - Created image appendix with 2 total images (2 figures, 0 standalone images)
2025-08-22 18:59:04,426 - DocumentConverter - INFO - Successfully converted HTML to Markdown. Tables: 3, Math: 2, Images: 2 total (2 figures, 0 standalone), Image path: images
2025-08-22 18:59:04,428 - DocumentConverter - INFO - Successfully processed document: test.docx
2025-08-22 18:59:04,436 - DocumentConverter - INFO - Batch processing complete: 1/1 documents processed successfully
2025-08-23 02:15:36,029 - DocumentConverter - INFO - DocumentConverter initialized with base directory: .
2025-08-23 02:15:36,029 - DocumentConverter - INFO - Starting batch processing of all documents
2025-08-23 02:15:36,029 - DocumentConverter - INFO - Found 1 DOCX files to process
2025-08-23 02:15:36,029 - DocumentConverter - INFO - Processing document: test.docx
2025-08-23 02:15:36,031 - DocumentConverter - INFO - Step 1: Converting DOCX to HTML - test.docx
2025-08-23 02:15:36,031 - DocumentConverter - INFO - Converting DOCX to HTML: docx\test.docx -> html\test.html
2025-08-23 02:15:36,367 - DocumentConverter - INFO - Fixed 3 image paths in HTML file
2025-08-23 02:15:36,367 - DocumentConverter - INFO - Successfully converted DOCX to HTML. Extracted 4 images
2025-08-23 02:15:36,367 - DocumentConverter - INFO - Step 2: Converting HTML to Markdown - test.docx
2025-08-23 02:15:36,367 - DocumentConverter - INFO - Converting HTML to Markdown: html\test.html -> md\test.md
2025-08-23 02:15:36,412 - DocumentConverter - INFO - Created image appendix with 2 images
2025-08-23 02:15:36,414 - DocumentConverter - INFO - Successfully converted HTML to Markdown. Tables: 3, Math: 2, Images: 2, Image path: ../html/images
2025-08-23 02:15:36,414 - DocumentConverter - INFO - Successfully processed document: test.docx
2025-08-23 02:15:36,417 - DocumentConverter - INFO - Batch processing complete: 1/1 documents processed successfully
